PopStar-android/proguard/seeds.txt
com.pop.star.MainActivity
com.pop.star.MainActivity: MainActivity()
...
com.badlogic.gdx.scenes.scene2d.ui.TextField$TextFieldFilter
com.badlogic.gdx.scenes.scene2d.ui.TextField$TextFieldFilter: boolean acceptChar(com.badlogic.gdx.scenes.scene2d.ui.TextField,char)
com.badlogic.gdx.scenes.scene2d.ui.TextField$TextFieldFilter$DigitsOnlyFilter
com.badlogic.gdx.scenes.scene2d.ui.TextField$TextFieldFilter$DigitsOnlyFilter: TextField$TextFieldFilter$DigitsOnlyFilter()
com.badlogic.gdx.scenes.scene2d.ui.TextField$TextFieldFilter$DigitsOnlyFilter: boolean acceptChar(com.badlogic.gdx.scenes.scene2d.ui.TextField,char)
com.badlogic.gdx.scenes.scene2d.ui.TextField$TextFieldListener
com.badlogic.gdx.scenes.scene2d.ui.TextField$TextFieldListener: void keyTyped(com.badlogic.gdx.scenes.scene2d.ui.TextField,char)
com.badlogic.gdx.scenes.scene2d.ui.TextField$TextFieldStyle
com.badlogic.gdx.scenes.scene2d.ui.TextField$TextFieldStyle: com.badlogic.gdx.graphics.g2d.BitmapFont font
com.badlogic.gdx.scenes.scene2d.ui.TextField$TextFieldStyle: com.badlogic.gdx.graphics.Color fontColor
com.badlogic.gdx.scenes.scene2d.ui.TextField$TextFieldStyle: com.badlogic.gdx.graphics.Color focusedFontColor
com.badlogic.gdx.scenes.scene2d.ui.TextField$TextFieldStyle: com.badlogic.gdx.graphics.Color disabledFontColor
com.badlogic.gdx.scenes.scene2d.ui.TextField$TextFieldStyle: com.badlogic.gdx.scenes.scene2d.utils.Drawable background
com.badlogic.gdx.scenes.scene2d.ui.TextField$TextFieldStyle: com.badlogic.gdx.scenes.scene2d.utils.Drawable focusedBackground
com.badlogic.gdx.scenes.scene2d.ui.TextField$TextFieldStyle: com.badlogic.gdx.scenes.scene2d.utils.Drawable disabledBackground
com.badlogic.gdx.scenes.scene2d.ui.TextField$TextFieldStyle: com.badlogic.gdx.scenes.scene2d.utils.Drawable cursor
com.badlogic.gdx.scenes.scene2d.ui.TextField$TextFieldStyle: com.badlogic.gdx.scenes.scene2d.utils.Drawable selection
com.badlogic.gdx.scenes.scene2d.ui.TextField$TextFieldStyle: com.badlogic.gdx.graphics.g2d.BitmapFont messageFont
com.badlogic.gdx.scenes.scene2d.ui.TextField$TextFieldStyle: com.badlogic.gdx.graphics.Color messageFontColor
com.badlogic.gdx.scenes.scene2d.ui.TextField$TextFieldStyle: TextField$TextFieldStyle()
com.badlogic.gdx.scenes.scene2d.ui.Touchpad
com.badlogic.gdx.scenes.scene2d.ui.Touchpad: com.badlogic.gdx.scenes.scene2d.ui.Touchpad$TouchpadStyle style
com.badlogic.gdx.scenes.scene2d.ui.Touchpad: boolean touched
com.badlogic.gdx.scenes.scene2d.ui.Touchpad: boolean resetOnTouchUp
com.badlogic.gdx.scenes.scene2d.ui.Touchpad: float deadzoneRadius
com.badlogic.gdx.scenes.scene2d.ui.Touchpad: com.badlogic.gdx.math.Circle knobBounds
com.badlogic.gdx.scenes.scene2d.ui.Touchpad: com.badlogic.gdx.math.Circle touchBounds
com.badlogic.gdx.scenes.scene2d.ui.Touchpad: com.badlogic.gdx.math.Circle deadzoneBounds
com.badlogic.gdx.scenes.scene2d.ui.Touchpad: com.badlogic.gdx.math.Vector2 knobPosition
com.badlogic.gdx.scenes.scene2d.ui.Touchpad: com.badlogic.gdx.math.Vector2 knobPercent
com.badlogic.gdx.scenes.scene2d.ui.Touchpad: Touchpad(float,com.badlogic.gdx.scenes.scene2d.ui.Skin)
com.badlogic.gdx.scenes.scene2d.ui.Touchpad: Touchpad(float,com.badlogic.gdx.scenes.scene2d.ui.Skin,java.lang.String)
com.badlogic.gdx.scenes.scene2d.ui.Touchpad: Touchpad(float,com.badlogic.gdx.scenes.scene2d.ui.Touchpad$TouchpadStyle)
com.badlogic.gdx.scenes.scene2d.ui.Touchpad: void calculatePositionAndValue(float,float,boolean)
com.badlogic.gdx.scenes.scene2d.ui.Touchpad: void setStyle(com.badlogic.gdx.scenes.scene2d.ui.Touchpad$TouchpadStyle)
com.badlogic.gdx.scenes.scene2d.ui.Touchpad: com.badlogic.gdx.scenes.scene2d.ui.Touchpad$TouchpadStyle getStyle()