PopStar-android/proguard/mapping.txt
com.pop.star.DataValues -> com.pop.star.a:
    com.pop.star.DataValues instance -> a
    int allScore -> b
    int[] levelScore -> c
    int curLevel -> d
    int hammerNumber -> e
    boolean isSave -> f
    boolean soundOn -> g
    boolean musicOn -> h
    com.pop.star.DataValues getInstance() -> a
    int getAllScore() -> b
    void setAllScore$13462e() -> c
    int getLevelScore(int) -> a
    int getCurLevel() -> d
    void setCurLevel(int) -> b
    void calculationClearStar(int) -> c
    boolean isSave() -> e
    void setSave(boolean) -> a
    boolean isSoundOn() -> f
    void setSoundOn(boolean) -> b
    boolean isMusicOn() -> g
    void setMusicOn(boolean) -> c
    int getHammerNumber() -> h
    void setHammerNumber(int) -> d
com.pop.star.DialogHanlder -> com.pop.star.b:
    void buttonOK() -> a
    void buttonBack() -> b
com.pop.star.MainActivity -> com.pop.star.MainActivity:
    void onCreate(android.os.Bundle) -> onCreate
com.pop.star.MainGame -> com.pop.star.c:
    com.pop.star.MainGame instance -> a
    int width -> c
    int height -> d
    java.lang.String channel -> b
    void create() -> create
    void render() -> render
    void dispose() -> dispose
    void resize(int,int) -> resize
    void resume() -> resume
    void pause() -> pause
    int getWidth() -> a
    int getHeight() -> b
com.pop.star.Scene -> com.pop.star.d:
    int screenWidth -> a
    int screenHeight -> b
    com.badlogic.gdx.scenes.scene2d.Stage stageUILayer -> c
    com.badlogic.gdx.scenes.scene2d.Stage stageMapLayer -> d
    com.badlogic.gdx.scenes.scene2d.Stage stageEffectLayer -> e
    com.badlogic.gdx.graphics.g2d.TextureAtlas atlas -> f
    com.badlogic.gdx.InputMultiplexer multiplexer -> g
    com.badlogic.gdx.scenes.scene2d.ui.Image imageBackground -> h
    com.badlogic.gdx.scenes.scene2d.ui.ImageButton$ImageButtonStyle buttonStyle -> i
    com.badlogic.gdx.scenes.scene2d.ui.ImageButton buttonExit -> j
    com.badlogic.gdx.scenes.scene2d.ui.Image imagePropsHammer -> k
    com.badlogic.gdx.scenes.scene2d.ui.Label labelScore -> l
    com.badlogic.gdx.scenes.scene2d.ui.Label labelLevelScore -> m
    com.badlogic.gdx.scenes.scene2d.ui.Label labelHammer -> n
    com.pop.star.logic.Star[][] starList -> o
    com.badlogic.gdx.graphics.g2d.ParticleEffect[] effectStar -> p
    java.util.ArrayList saveCheckStar -> q
    java.util.ArrayList saveBombStar -> r
    com.pop.star.logic.DestroyLogic destroyLogic -> s
    int starSame -> t
    int lastRemainingBlocks -> u
    boolean hasEndGame -> v
    boolean hasCheckInputHandler -> w
    boolean hasCheckHammer -> x
    void nextLevel() -> a
    void initGameResource() -> k
    void initResource() -> l
    void show() -> show
    void render(float) -> render
    void resize(int,int) -> resize
    void pause() -> pause
    void resume() -> resume
com.pop.star.Scene$1 -> com.pop.star.e:
    com.pop.star.Scene this$0 -> a
    com.badlogic.gdx.utils.Timer val$t -> b
    void run() -> run
com.pop.star.Scene$2 -> com.pop.star.f:
    com.pop.star.Scene this$0 -> a
    void clicked(com.badlogic.gdx.scenes.scene2d.InputEvent,float,float) -> clicked
com.pop.star.Scene$3 -> com.pop.star.g:
    com.pop.star.Scene this$0 -> a
    void clicked(com.badlogic.gdx.scenes.scene2d.InputEvent,float,float) -> clicked
    com.pop.star.Scene access$0(com.pop.star.Scene$3) -> a
com.pop.star.Scene$3$1 -> com.pop.star.h:
    com.pop.star.Scene$3 this$1 -> a
    void buttonOK() -> a
    void buttonBack() -> b
com.pop.star.UI.Dialog -> com.pop.star.a.a:
    com.badlogic.gdx.scenes.scene2d.ui.Image imageBack -> a
    com.badlogic.gdx.scenes.scene2d.ui.ImageButton buttonOk -> b
    com.badlogic.gdx.scenes.scene2d.ui.ImageButton buttonBack -> c
    com.badlogic.gdx.scenes.scene2d.ui.TextField textFeild -> d
    com.badlogic.gdx.graphics.g2d.TextureAtlas atlas -> e
    java.lang.String str -> f
...
com.badlogic.gdx.backends.android.surfaceview.GLSurfaceViewAPI18$DefaultWindowSurfaceFactory -> com.badlogic.gdx.backends.android.surfaceview.GLSurfaceViewAPI18$DefaultWindowSurfaceFactory:
    javax.microedition.khronos.egl.EGLSurface createWindowSurface(javax.microedition.khronos.egl.EGL10,javax.microedition.khronos.egl.EGLDisplay,javax.microedition.khronos.egl.EGLConfig,java.lang.Object) -> createWindowSurface
    void destroySurface(javax.microedition.khronos.egl.EGL10,javax.microedition.khronos.egl.EGLDisplay,javax.microedition.khronos.egl.EGLSurface) -> destroySurface
com.badlogic.gdx.backends.android.surfaceview.GLSurfaceViewAPI18$EGLContextFactory -> com.badlogic.gdx.backends.android.surfaceview.GLSurfaceViewAPI18$EGLContextFactory:
    javax.microedition.khronos.egl.EGLContext createContext(javax.microedition.khronos.egl.EGL10,javax.microedition.khronos.egl.EGLDisplay,javax.microedition.khronos.egl.EGLConfig) -> createContext
    void destroyContext(javax.microedition.khronos.egl.EGL10,javax.microedition.khronos.egl.EGLDisplay,javax.microedition.khronos.egl.EGLContext) -> destroyContext
com.badlogic.gdx.backends.android.surfaceview.GLSurfaceViewAPI18$EGLWindowSurfaceFactory -> com.badlogic.gdx.backends.android.surfaceview.GLSurfaceViewAPI18$EGLWindowSurfaceFactory:
    javax.microedition.khronos.egl.EGLSurface createWindowSurface(javax.microedition.khronos.egl.EGL10,javax.microedition.khronos.egl.EGLDisplay,javax.microedition.khronos.egl.EGLConfig,java.lang.Object) -> createWindowSurface
    void destroySurface(javax.microedition.khronos.egl.EGL10,javax.microedition.khronos.egl.EGLDisplay,javax.microedition.khronos.egl.EGLSurface) -> destroySurface
com.badlogic.gdx.backends.android.surfaceview.GLSurfaceViewAPI18$EglHelper -> com.badlogic.gdx.backends.android.surfaceview.GLSurfaceViewAPI18$EglHelper:
    java.lang.ref.WeakReference mGLSurfaceViewWeakRef -> mGLSurfaceViewWeakRef
    javax.microedition.khronos.egl.EGL10 mEgl -> mEgl
    javax.microedition.khronos.egl.EGLDisplay mEglDisplay -> mEglDisplay
    javax.microedition.khronos.egl.EGLSurface mEglSurface -> mEglSurface
    javax.microedition.khronos.egl.EGLConfig mEglConfig -> mEglConfig
    javax.microedition.khronos.egl.EGLContext mEglContext -> mEglContext
    void start() -> start
    boolean createSurface() -> createSurface
    javax.microedition.khronos.opengles.GL createGL() -> createGL
    int swap() -> swap
    void destroySurface() -> destroySurface
    void destroySurfaceImp() -> destroySurfaceImp
    void finish() -> finish
    void throwEglException(java.lang.String) -> throwEglException
    void throwEglException(java.lang.String,int) -> throwEglException
    void logEglErrorAsWarning(java.lang.String,java.lang.String,int) -> logEglErrorAsWarning
    java.lang.String getErrorString(int) -> getErrorString
    java.lang.String formatEglError(java.lang.String,int) -> formatEglError