PopStar-android/proguard/usage.txt
com.pop.star.BuildConfig
com.pop.star.DataValues:
    56:57:public void setLevelScore(int,int)
com.pop.star.MainGame:
    73:74:public void setWidth(int)
    81:82:public void setHeight(int)
com.pop.star.R
com.pop.star.R$attr
com.pop.star.R$drawable
com.pop.star.R$layout
com.pop.star.R$string
com.pop.star.Scene:
    public static final int BOMB_STAR
com.pop.star.logic.Star:
    public abstract void touch()
com.pop.star.resource.ResourceManager:
    20:20:public final com.badlogic.gdx.assets.AssetManager getAssetManager()
    28:28:public final float getProgress()
    32:32:public final com.badlogic.gdx.graphics.Texture getTexture(java.lang.String)
    36:36:public final com.badlogic.gdx.graphics.g2d.BitmapFont getBitMapFont(java.lang.String)
    public abstract void loadResource()
com.pop.star.resource.SoundManager:
    7:7:public SoundManager()
    65:65:public static com.badlogic.gdx.audio.Music getMusic()
...
com.marsor.common.components.TabButton:
    29:31:public TabButton(java.lang.String)
    75:75:public java.lang.String getButtonName()
    82:83:public void setButtonName(java.lang.String)
    89:89:public java.lang.String getButtonCaption()
    96:97:public void setButtonCaption(java.lang.String)
    110:111:public void setNextPage(java.lang.Class)
    124:125:public void setClickListener(android.view.View$OnClickListener)
    138:139:public void setTotalJumpSwitch(boolean)
    152:153:public void setCloseAfterJump(boolean)
    166:167:public void setBundleData(android.os.Bundle)
com.marsor.common.context.AppContext:
    private static final java.lang.String Mc_String_DataPath
    private static final java.lang.String Mc_String_TempPath
    31:31:public AppContext()
    89:114:public static varargs java.lang.String getAppDataPath(boolean[])
    126:152:public static varargs java.lang.String getAppTmpPath(boolean[])
    161:174:public static java.lang.String getAppSdPath()
    188:188:public static boolean isAdsEnabled()
    195:196:public static void setAdsEnabled(boolean)
    223:234:public static java.lang.String getAppVersionName()
    241:250:public static int getAppVersionCode()
com.marsor.common.context.Constants:
    14:87:public Constants()
com.marsor.common.context.Constants$CommonColor
com.marsor.common.context.Constants$CommonSize
com.marsor.common.context.Constants$CommonString
com.marsor.common.context.Constants$NetWork:
    105:108:public java.lang.String getCaption()
    112:115:public int getValue()
com.marsor.common.feature.AdvertiseFeature:
    private static final java.lang.String Mc_Str_Adv_Layout_Id
    private static final java.lang.String Mc_Str_Top_AdContainer_Id
    private static final java.lang.String Mc_Str_Bottom_AdContainer_Id
    private static final java.lang.String Mc_Str_Content_Container_Id
    121:135:public void setupAds(int,boolean)
com.marsor.common.feature.CommonTabFeature:
    private static final java.lang.String C_Feature_Layout_Id
    private static final java.lang.String C_InnerContainer_Id
    private static final java.lang.String C_TabViewContainer
    private static final java.lang.String C_TabButtonContainer
    110:111:public void setTabInitializer(com.marsor.common.feature.CommonTabFeature$TabFeatureInitializer)
    176:187:public void addTabButton(com.marsor.common.components.TabButton)
    195:202:public android.widget.Button getTabButton(int)
    211:224:public android.widget.Button getTabButton(java.lang.Class)
    233:247:public android.widget.Button getTabButton(java.lang.String)
    256:263:public android.widget.Button getTabButton(com.marsor.common.components.TabButton)
    282:283:public void setActiveButton(int)
    290:291:public void setActiveButton(java.lang.String)
    297:298:public void setActiveButton(com.marsor.common.components.TabButton)
    308:359:public varargs void initialTabView(java.lang.Object,android.os.Bundle[])
com.marsor.common.feature.CommonTabFeature$TabFeatureInitializer:
    492:492:public CommonTabFeature$TabFeatureInitializer()